This file contains any messages produced by compilers while
running configure, to aid debugging if configure makes a mistake.

It was created by sugar_miner configure 24.1 SugarChain, which was
generated by GNU Autoconf 2.71.  Invocation command line was

  $ ./configure --with-curl

## --------- ##
## Platform. ##
## --------- ##

hostname = DESKTOP-T5QTO27
uname -m = x86_64
uname -r = 3.4.10.x86_64
uname -s = MINGW64_NT-10.0-19045
uname -v = 2024-02-10 08:39 UTC

/usr/bin/uname -p = unknown
/bin/uname -X     = unknown

/bin/arch              = x86_64
/usr/bin/arch -k       = unknown
/usr/convex/getsysinfo = unknown
/usr/bin/hostinfo      = unknown
/bin/machine           = unknown
/usr/bin/oslevel       = unknown
/bin/universe          = unknown

PATH: /mingw64/bin/
PATH: /usr/local/bin/
PATH: /usr/bin/
PATH: /bin/
PATH: /c/Windows/System32/
PATH: /c/Windows/
PATH: /c/Windows/System32/Wbem/
PATH: /c/Windows/System32/WindowsPowerShell/v1.0/
PATH: /usr/bin/site_perl/
PATH: /usr/bin/vendor_perl/
PATH: /usr/bin/core_perl/


## ----------- ##
## Core tests. ##
## ----------- ##

configure:2231: loading site script /etc/config.site
| # This file is in public domain.
| # Original author: Karlson2k (Evgeny Grin)
| # Written for MSys2 to help running 'configure' scripts
| 
| # Defaults for MSys2/MinGW64-targeted programs
| 
| # Set proper selfname on bash and fallback to default name on other shells
| test -n "${BASH_SOURCE}" 2>/dev/null && config_site_me="${BASH_SOURCE[0]##*/}" || config_site_me=config.site
| 
| # Set default 'host' to speedup configure
| if test -z "$build_alias"; then
|   build_alias="${MSYSTEM_CHOST}"  && \
|     ${as_echo-echo} "$config_site_me:${as_lineno-$LINENO}: default build_alias set to $build_alias" >&5
| fi
| 
| # Set default 'prefix'
| if ( test -z "$prefix" || test "x$prefix" = "xNONE" ) && \
|     ( test -z "$exec_prefix" || test "x$exec_prefix" = "xNONE" ); then
|   prefix="${MSYSTEM_PREFIX}" && \
|     ${as_echo-echo} "$config_site_me:${as_lineno-$LINENO}: default prefix set to $prefix" >&5
| fi
config.site:13: default build_alias set to x86_64-w64-mingw32
config.site:20: default prefix set to /mingw64
configure:2805: looking for aux files: compile missing install-sh config.guess config.sub
configure:2818:  trying ./
configure:2847:   ./compile found
configure:2847:   ./missing found
configure:2829:   ./install-sh found
configure:2847:   ./config.guess found
configure:2847:   ./config.sub found
configure:2967: checking build system type
configure:2982: result: x86_64-w64-mingw32
configure:3002: checking host system type
configure:3016: result: x86_64-w64-mingw32
configure:3036: checking target system type
configure:3050: result: x86_64-w64-mingw32
configure:3099: checking for a BSD-compatible install
configure:3172: result: /usr/bin/install -c
configure:3183: checking whether build environment is sane
configure:3238: result: yes
configure:3397: checking for a race-free mkdir -p
configure:3441: result: /usr/bin/mkdir -p
configure:3448: checking for gawk
configure:3469: found /usr/bin/gawk
configure:3480: result: gawk
configure:3491: checking whether make sets $(MAKE)
configure:3514: result: yes
configure:3544: checking whether make supports nested variables
configure:3562: result: yes
configure:3700: checking whether to enable maintainer-specific portions of Makefiles
configure:3710: result: no
configure:3737: checking whether make supports the include directive
configure:3752: make -f confmf.GNU && cat confinc.out
this is the am__doit target
configure:3755: $? = 0
configure:3774: result: yes (GNU style)
configure:3850: checking for gcc
configure:3871: found /mingw64/bin/gcc
configure:3882: result: gcc
configure:4235: checking for C compiler version
configure:4244: gcc --version >&5
gcc.exe (Rev5, Built by MSYS2 project) 13.2.0
Copyright (C) 2023 Free Software Foundation, Inc.
This is free software; see the source for copying conditions.  There is NO
warranty; not even for MERCHANTABILITY or FITNESS FOR A PARTICULAR PURPOSE.

configure:4255: $? = 0
configure:4244: gcc -v >&5
Using built-in specs.
COLLECT_GCC=C:\msys64\mingw64\bin\gcc.exe
COLLECT_LTO_WRAPPER=C:/msys64/mingw64/bin/../lib/gcc/x86_64-w64-mingw32/13.2.0/lto-wrapper.exe
Target: x86_64-w64-mingw32
Configured with: ../gcc-13.2.0/configure --prefix=/mingw64 --with-local-prefix=/mingw64/local --build=x86_64-w64-mingw32 --host=x86_64-w64-mingw32 --target=x86_64-w64-mingw32 --with-native-system-header-dir=/mingw64/include --libexecdir=/mingw64/lib --enable-bootstrap --enable-checking=release --with-arch=nocona --with-tune=generic --enable-languages=c,lto,c++,fortran,ada,objc,obj-c++,jit --enable-shared --enable-static --enable-libatomic --enable-threads=posix --enable-graphite --enable-fully-dynamic-string --enable-libstdcxx-filesystem-ts --enable-libstdcxx-time --disable-libstdcxx-pch --enable-lto --enable-libgomp --disable-libssp --disable-multilib --disable-rpath --disable-win32-registry --disable-nls --disable-werror --disable-symvers --with-libiconv --with-system-zlib --with-gmp=/mingw64 --with-mpfr=/mingw64 --with-mpc=/mingw64 --with-isl=/mingw64 --with-pkgversion='Rev5, Built by MSYS2 project' --with-bugurl=https://github.com/msys2/MINGW-packages/issues --with-gnu-as --with-gnu-ld --disable-libstdcxx-debug --with-boot-ldflags=-static-libstdc++ --with-stage1-ldflags=-static-libstdc++
Thread model: posix
Supported LTO compression algorithms: zlib zstd
gcc version 13.2.0 (Rev5, Built by MSYS2 project) 
configure:4255: $? = 0
configure:4244: gcc -V >&5
gcc.exe: error: unrecognized command-line option '-V'
gcc.exe: fatal error: no input files
compilation terminated.
configure:4255: $? = 1
configure:4244: gcc -qversion >&5
gcc.exe: error: unrecognized command-line option '-qversion'; did you mean '--version'?
gcc.exe: fatal error: no input files
compilation terminated.
configure:4255: $? = 1
configure:4244: gcc -version >&5
gcc.exe: error: unrecognized command-line option '-version'
gcc.exe: fatal error: no input files
compilation terminated.
configure:4255: $? = 1
configure:4275: checking whether the C compiler works
configure:4297: gcc -O3 -march=native -Wall   conftest.c  >&5
configure:4301: $? = 0
configure:4351: result: yes
configure:4354: checking for C compiler default output file name
configure:4356: result: a.exe
configure:4362: checking for suffix of executables
configure:4369: gcc -o conftest.exe -O3 -march=native -Wall   conftest.c  >&5
configure:4373: $? = 0
configure:4396: result: .exe
configure:4418: checking whether we are cross compiling
configure:4426: gcc -o conftest.exe -O3 -march=native -Wall   conftest.c  >&5
configure:4430: $? = 0
configure:4437: ./conftest.exe
configure:4441: $? = 0
configure:4456: result: no
configure:4461: checking for suffix of object files
configure:4484: gcc -c -O3 -march=native -Wall  conftest.c >&5
configure:4488: $? = 0
configure:4510: result: o
configure:4514: checking whether the compiler supports GNU C
configure:4534: gcc -c -O3 -march=native -Wall  conftest.c >&5
configure:4534: $? = 0
configure:4544: result: yes
configure:4555: checking whether gcc accepts -g
configure:4576: gcc -c -g  conftest.c >&5
configure:4576: $? = 0
configure:4620: result: yes
configure:4640: checking for gcc option to enable C11 features
configure:4655: gcc  -c -O3 -march=native -Wall  conftest.c >&5
configure:4655: $? = 0
configure:4673: result: none needed
configure:4789: checking whether gcc understands -c and -o together
configure:4812: gcc -c conftest.c -o conftest2.o
configure:4815: $? = 0
configure:4812: gcc -c conftest.c -o conftest2.o
configure:4815: $? = 0
configure:4827: result: yes
configure:4846: checking dependency style of gcc
configure:4958: result: gcc3
configure:4980: checking how to run the C preprocessor
configure:5006: gcc -E  conftest.c
configure:5006: $? = 0
configure:5021: gcc -E  conftest.c
conftest.c:11:10: fatal error: ac_nonexistent.h: No such file or directory
   11 | #include <ac_nonexistent.h>
      |          ^~~~~~~~~~~~~~~~~~
compilation terminated.
configure:5021: $? = 1
configure: failed program was:
| /* confdefs.h */
| #define PACKAGE_NAME "sugar_miner"
| #define PACKAGE_TARNAME "sugar_miner"
| #define PACKAGE_VERSION "24.1 SugarChain"
| #define PACKAGE_STRING "sugar_miner 24.1 SugarChain"
| #define PACKAGE_BUGREPORT ""
| #define PACKAGE_URL ""
| #define PACKAGE "sugar_miner"
| #define VERSION "24.1 SugarChain"
| /* end confdefs.h.  */
| #include <ac_nonexistent.h>
configure:5048: result: gcc -E
configure:5062: gcc -E  conftest.c
configure:5062: $? = 0
configure:5077: gcc -E  conftest.c
conftest.c:11:10: fatal error: ac_nonexistent.h: No such file or directory
   11 | #include <ac_nonexistent.h>
      |          ^~~~~~~~~~~~~~~~~~
compilation terminated.
configure:5077: $? = 1
configure: failed program was:
| /* confdefs.h */
| #define PACKAGE_NAME "sugar_miner"
| #define PACKAGE_TARNAME "sugar_miner"
| #define PACKAGE_VERSION "24.1 SugarChain"
| #define PACKAGE_STRING "sugar_miner 24.1 SugarChain"
| #define PACKAGE_BUGREPORT ""
| #define PACKAGE_URL ""
| #define PACKAGE "sugar_miner"
| #define VERSION "24.1 SugarChain"
| /* end confdefs.h.  */
| #include <ac_nonexistent.h>
configure:5108: checking for grep that handles long lines and -e
configure:5172: result: /usr/bin/grep
configure:5177: checking for egrep
configure:5245: result: /usr/bin/grep -E
configure:5251: checking whether gcc needs -traditional
conftest.c:11:10: fatal error: sgtty.h: No such file or directory
   11 | #include <sgtty.h>
      |          ^~~~~~~~~
compilation terminated.
conftest.c:11:10: fatal error: termio.h: No such file or directory
   11 | #include <termio.h>
      |          ^~~~~~~~~~
compilation terminated.
configure:5288: result: no
configure:5305: checking dependency style of gcc
configure:5415: result: gcc3
configure:5478: checking for ranlib
configure:5499: found /mingw64/bin/ranlib
configure:5510: result: ranlib
configure:5601: checking for g++
configure:5622: found /mingw64/bin/g++
configure:5633: result: g++
configure:5660: checking for C++ compiler version
configure:5669: g++ --version >&5
g++.exe (Rev5, Built by MSYS2 project) 13.2.0
Copyright (C) 2023 Free Software Foundation, Inc.
This is free software; see the source for copying conditions.  There is NO
warranty; not even for MERCHANTABILITY or FITNESS FOR A PARTICULAR PURPOSE.

configure:5680: $? = 0
configure:5669: g++ -v >&5
Using built-in specs.
COLLECT_GCC=C:\msys64\mingw64\bin\g++.exe
COLLECT_LTO_WRAPPER=C:/msys64/mingw64/bin/../lib/gcc/x86_64-w64-mingw32/13.2.0/lto-wrapper.exe
Target: x86_64-w64-mingw32
Configured with: ../gcc-13.2.0/configure --prefix=/mingw64 --with-local-prefix=/mingw64/local --build=x86_64-w64-mingw32 --host=x86_64-w64-mingw32 --target=x86_64-w64-mingw32 --with-native-system-header-dir=/mingw64/include --libexecdir=/mingw64/lib --enable-bootstrap --enable-checking=release --with-arch=nocona --with-tune=generic --enable-languages=c,lto,c++,fortran,ada,objc,obj-c++,jit --enable-shared --enable-static --enable-libatomic --enable-threads=posix --enable-graphite --enable-fully-dynamic-string --enable-libstdcxx-filesystem-ts --enable-libstdcxx-time --disable-libstdcxx-pch --enable-lto --enable-libgomp --disable-libssp --disable-multilib --disable-rpath --disable-win32-registry --disable-nls --disable-werror --disable-symvers --with-libiconv --with-system-zlib --with-gmp=/mingw64 --with-mpfr=/mingw64 --with-mpc=/mingw64 --with-isl=/mingw64 --with-pkgversion='Rev5, Built by MSYS2 project' --with-bugurl=https://github.com/msys2/MINGW-packages/issues --with-gnu-as --with-gnu-ld --disable-libstdcxx-debug --with-boot-ldflags=-static-libstdc++ --with-stage1-ldflags=-static-libstdc++
Thread model: posix
Supported LTO compression algorithms: zlib zstd
gcc version 13.2.0 (Rev5, Built by MSYS2 project) 
configure:5680: $? = 0
configure:5669: g++ -V >&5
g++.exe: error: unrecognized command-line option '-V'
g++.exe: fatal error: no input files
compilation terminated.
configure:5680: $? = 1
configure:5669: g++ -qversion >&5
g++.exe: error: unrecognized command-line option '-qversion'; did you mean '--version'?
g++.exe: fatal error: no input files
compilation terminated.
configure:5680: $? = 1
configure:5684: checking whether the compiler supports GNU C++
configure:5704: g++ -c   conftest.cpp >&5
configure:5704: $? = 0
configure:5714: result: yes
configure:5725: checking whether g++ accepts -g
configure:5746: g++ -c -g  conftest.cpp >&5
configure:5746: $? = 0
configure:5790: result: yes
configure:5810: checking for g++ option to enable C++11 features
configure:5825: g++  -c -g -O2  conftest.cpp >&5
conftest.cpp: In function 'int main(int, char**)':
conftest.cpp:177:25: warning: empty parentheses were disambiguated as a function declaration [-Wvexing-parse]
  177 |   cxx11test::delegate d2();
      |                         ^~
conftest.cpp:177:25: note: remove parentheses to default-initialize a variable
  177 |   cxx11test::delegate d2();
      |                         ^~
      |                         --
conftest.cpp:177:25: note: or replace parentheses with braces to value-initialize a variable
configure:5825: $? = 0
configure:5843: result: none needed
configure:5909: checking dependency style of g++
configure:6021: result: gcc3
configure:6041: checking for stdio.h
configure:6041: gcc -c -O3 -march=native -Wall  conftest.c >&5
configure:6041: $? = 0
configure:6041: result: yes
configure:6041: checking for stdlib.h
configure:6041: gcc -c -O3 -march=native -Wall  conftest.c >&5
configure:6041: $? = 0
configure:6041: result: yes
configure:6041: checking for string.h
configure:6041: gcc -c -O3 -march=native -Wall  conftest.c >&5
configure:6041: $? = 0
configure:6041: result: yes
configure:6041: checking for inttypes.h
configure:6041: gcc -c -O3 -march=native -Wall  conftest.c >&5
configure:6041: $? = 0
configure:6041: result: yes
configure:6041: checking for stdint.h
configure:6041: gcc -c -O3 -march=native -Wall  conftest.c >&5
configure:6041: $? = 0
configure:6041: result: yes
configure:6041: checking for strings.h
configure:6041: gcc -c -O3 -march=native -Wall  conftest.c >&5
configure:6041: $? = 0
configure:6041: result: yes
configure:6041: checking for sys/stat.h
configure:6041: gcc -c -O3 -march=native -Wall  conftest.c >&5
configure:6041: $? = 0
configure:6041: result: yes
configure:6041: checking for sys/types.h
configure:6041: gcc -c -O3 -march=native -Wall  conftest.c >&5
configure:6041: $? = 0
configure:6041: result: yes
configure:6041: checking for unistd.h
configure:6041: gcc -c -O3 -march=native -Wall  conftest.c >&5
configure:6041: $? = 0
configure:6041: result: yes
configure:6069: checking for egrep
configure:6137: result: /usr/bin/grep -E
configure:6143: checking for sys/endian.h
configure:6143: gcc -c -O3 -march=native -Wall  conftest.c >&5
conftest.c:49:10: fatal error: sys/endian.h: No such file or directory
   49 | #include <sys/endian.h>
      |          ^~~~~~~~~~~~~~
compilation terminated.
configure:6143: $? = 1
configure: failed program was:
| /* confdefs.h */
| #define PACKAGE_NAME "sugar_miner"
| #define PACKAGE_TARNAME "sugar_miner"
| #define PACKAGE_VERSION "24.1 SugarChain"
| #define PACKAGE_STRING "sugar_miner 24.1 SugarChain"
| #define PACKAGE_BUGREPORT ""
| #define PACKAGE_URL ""
| #define PACKAGE "sugar_miner"
| #define VERSION "24.1 SugarChain"
| #define HAVE_STDIO_H 1
| #define HAVE_STDLIB_H 1
| #define HAVE_STRING_H 1
| #define HAVE_INTTYPES_H 1
| #define HAVE_STDINT_H 1
| #define HAVE_STRINGS_H 1
| #define HAVE_SYS_STAT_H 1
| #define HAVE_SYS_TYPES_H 1
| #define HAVE_UNISTD_H 1
| #define STDC_HEADERS 1
| /* end confdefs.h.  */
| #include <stddef.h>
| #ifdef HAVE_STDIO_H
| # include <stdio.h>
| #endif
| #ifdef HAVE_STDLIB_H
| # include <stdlib.h>
| #endif
| #ifdef HAVE_STRING_H
| # include <string.h>
| #endif
| #ifdef HAVE_INTTYPES_H
| # include <inttypes.h>
| #endif
| #ifdef HAVE_STDINT_H
| # include <stdint.h>
| #endif
| #ifdef HAVE_STRINGS_H
| # include <strings.h>
| #endif
| #ifdef HAVE_SYS_TYPES_H
| # include <sys/types.h>
| #endif
| #ifdef HAVE_SYS_STAT_H
| # include <sys/stat.h>
| #endif
| #ifdef HAVE_UNISTD_H
| # include <unistd.h>
| #endif
| #include <sys/endian.h>
configure:6143: result: no
configure:6149: checking for sys/param.h
configure:6149: gcc -c -O3 -march=native -Wall  conftest.c >&5
configure:6149: $? = 0
configure:6149: result: yes
configure:6155: checking for syslog.h
configure:6155: gcc -c -O3 -march=native -Wall  conftest.c >&5
conftest.c:50:10: fatal error: syslog.h: No such file or directory
   50 | #include <syslog.h>
      |          ^~~~~~~~~~
compilation terminated.
configure:6155: $? = 1
configure: failed program was:
| /* confdefs.h */
| #define PACKAGE_NAME "sugar_miner"
| #define PACKAGE_TARNAME "sugar_miner"
| #define PACKAGE_VERSION "24.1 SugarChain"
| #define PACKAGE_STRING "sugar_miner 24.1 SugarChain"
| #define PACKAGE_BUGREPORT ""
| #define PACKAGE_URL ""
| #define PACKAGE "sugar_miner"
| #define VERSION "24.1 SugarChain"
| #define HAVE_STDIO_H 1
| #define HAVE_STDLIB_H 1
| #define HAVE_STRING_H 1
| #define HAVE_INTTYPES_H 1
| #define HAVE_STDINT_H 1
| #define HAVE_STRINGS_H 1
| #define HAVE_SYS_STAT_H 1
| #define HAVE_SYS_TYPES_H 1
| #define HAVE_UNISTD_H 1
| #define STDC_HEADERS 1
| #define HAVE_SYS_PARAM_H 1
| /* end confdefs.h.  */
| #include <stddef.h>
| #ifdef HAVE_STDIO_H
| # include <stdio.h>
| #endif
| #ifdef HAVE_STDLIB_H
| # include <stdlib.h>
| #endif
| #ifdef HAVE_STRING_H
| # include <string.h>
| #endif
| #ifdef HAVE_INTTYPES_H
| # include <inttypes.h>
| #endif
| #ifdef HAVE_STDINT_H
| # include <stdint.h>
| #endif
| #ifdef HAVE_STRINGS_H
| # include <strings.h>
| #endif
| #ifdef HAVE_SYS_TYPES_H
| # include <sys/types.h>
| #endif
| #ifdef HAVE_SYS_STAT_H
| # include <sys/stat.h>
| #endif
| #ifdef HAVE_UNISTD_H
| # include <unistd.h>
| #endif
| #include <syslog.h>
configure:6155: result: no
configure:6164: checking for sys/sysctl.h
configure:6164: gcc -c -O3 -march=native -Wall  conftest.c >&5
conftest.c:28:10: fatal error: sys/sysctl.h: No such file or directory
   28 | #include <sys/sysctl.h>
      |          ^~~~~~~~~~~~~~
compilation terminated.
configure:6164: $? = 1
configure: failed program was:
| /* confdefs.h */
| #define PACKAGE_NAME "sugar_miner"
| #define PACKAGE_TARNAME "sugar_miner"
| #define PACKAGE_VERSION "24.1 SugarChain"
| #define PACKAGE_STRING "sugar_miner 24.1 SugarChain"
| #define PACKAGE_BUGREPORT ""
| #define PACKAGE_URL ""
| #define PACKAGE "sugar_miner"
| #define VERSION "24.1 SugarChain"
| #define HAVE_STDIO_H 1
| #define HAVE_STDLIB_H 1
| #define HAVE_STRING_H 1
| #define HAVE_INTTYPES_H 1
| #define HAVE_STDINT_H 1
| #define HAVE_STRINGS_H 1
| #define HAVE_SYS_STAT_H 1
| #define HAVE_SYS_TYPES_H 1
| #define HAVE_UNISTD_H 1
| #define STDC_HEADERS 1
| #define HAVE_SYS_PARAM_H 1
| /* end confdefs.h.  */
| #include <sys/types.h>
| #ifdef HAVE_SYS_PARAM_H
| #include <sys/param.h>
| #endif
| 
| 
| #include <sys/sysctl.h>
configure:6164: result: no
configure:6177: checking for gcc options needed to detect all undeclared functions
configure:6199: gcc -c -O3 -march=native -Wall   conftest.c >&5
conftest.c: In function 'main':
conftest.c:26:8: error: 'strchr' undeclared (first use in this function)
   26 | (void) strchr;
      |        ^~~~~~
conftest.c:1:1: note: 'strchr' is defined in header '<string.h>'; did you forget to '#include <string.h>'?
    1 | /* confdefs.h */
conftest.c:26:8: note: each undeclared identifier is reported only once for each function it appears in
   26 | (void) strchr;
      |        ^~~~~~
configure:6199: $? = 1
configure: failed program was:
| /* confdefs.h */
| #define PACKAGE_NAME "sugar_miner"
| #define PACKAGE_TARNAME "sugar_miner"
| #define PACKAGE_VERSION "24.1 SugarChain"
| #define PACKAGE_STRING "sugar_miner 24.1 SugarChain"
| #define PACKAGE_BUGREPORT ""
| #define PACKAGE_URL ""
| #define PACKAGE "sugar_miner"
| #define VERSION "24.1 SugarChain"
| #define HAVE_STDIO_H 1
| #define HAVE_STDLIB_H 1
| #define HAVE_STRING_H 1
| #define HAVE_INTTYPES_H 1
| #define HAVE_STDINT_H 1
| #define HAVE_STRINGS_H 1
| #define HAVE_SYS_STAT_H 1
| #define HAVE_SYS_TYPES_H 1
| #define HAVE_UNISTD_H 1
| #define STDC_HEADERS 1
| #define HAVE_SYS_PARAM_H 1
| /* end confdefs.h.  */
| 
| int
| main (void)
| {
| (void) strchr;
|   ;
|   return 0;
| }
configure:6226: gcc -c -O3 -march=native -Wall   conftest.c >&5
configure:6226: $? = 0
configure:6243: result: none needed
configure:6257: checking whether be32dec is declared
configure:6257: gcc -c -O3 -march=native -Wall   conftest.c >&5
conftest.c: In function 'main':
conftest.c:62:10: error: 'be32dec' undeclared (first use in this function)
   62 |   (void) be32dec;
      |          ^~~~~~~
conftest.c:62:10: note: each undeclared identifier is reported only once for each function it appears in
configure:6257: $? = 1
configure: failed program was:
| /* confdefs.h */
| #define PACKAGE_NAME "sugar_miner"
| #define PACKAGE_TARNAME "sugar_miner"
| #define PACKAGE_VERSION "24.1 SugarChain"
| #define PACKAGE_STRING "sugar_miner 24.1 SugarChain"
| #define PACKAGE_BUGREPORT ""
| #define PACKAGE_URL ""
| #define PACKAGE "sugar_miner"
| #define VERSION "24.1 SugarChain"
| #define HAVE_STDIO_H 1
| #define HAVE_STDLIB_H 1
| #define HAVE_STRING_H 1
| #define HAVE_INTTYPES_H 1
| #define HAVE_STDINT_H 1
| #define HAVE_STRINGS_H 1
| #define HAVE_SYS_STAT_H 1
| #define HAVE_SYS_TYPES_H 1
| #define HAVE_UNISTD_H 1
| #define STDC_HEADERS 1
| #define HAVE_SYS_PARAM_H 1
| /* end confdefs.h.  */
| #include <stddef.h>
| #ifdef HAVE_STDIO_H
| # include <stdio.h>
| #endif
| #ifdef HAVE_STDLIB_H
| # include <stdlib.h>
| #endif
| #ifdef HAVE_STRING_H
| # include <string.h>
| #endif
| #ifdef HAVE_INTTYPES_H
| # include <inttypes.h>
| #endif
| #ifdef HAVE_STDINT_H
| # include <stdint.h>
| #endif
| #ifdef HAVE_STRINGS_H
| # include <strings.h>
| #endif
| #ifdef HAVE_SYS_TYPES_H
| # include <sys/types.h>
| #endif
| #ifdef HAVE_SYS_STAT_H
| # include <sys/stat.h>
| #endif
| #ifdef HAVE_UNISTD_H
| # include <unistd.h>
| #endif
| #ifdef HAVE_SYS_ENDIAN_H
| #include <sys/endian.h>
| #endif
| 
| 
| int
| main (void)
| {
| #ifndef be32dec
| #ifdef __cplusplus
|   (void) be32dec;
| #else
|   (void) be32dec;
| #endif
| #endif
| 
|   ;
|   return 0;
| }
configure:6257: result: no
configure:6270: checking whether le32dec is declared
configure:6270: gcc -c -O3 -march=native -Wall   conftest.c >&5
conftest.c: In function 'main':
conftest.c:63:10: error: 'le32dec' undeclared (first use in this function)
   63 |   (void) le32dec;
      |          ^~~~~~~
conftest.c:63:10: note: each undeclared identifier is reported only once for each function it appears in
configure:6270: $? = 1
configure: failed program was:
| /* confdefs.h */
| #define PACKAGE_NAME "sugar_miner"
| #define PACKAGE_TARNAME "sugar_miner"
| #define PACKAGE_VERSION "24.1 SugarChain"
| #define PACKAGE_STRING "sugar_miner 24.1 SugarChain"
| #define PACKAGE_BUGREPORT ""
| #define PACKAGE_URL ""
| #define PACKAGE "sugar_miner"
| #define VERSION "24.1 SugarChain"
| #define HAVE_STDIO_H 1
| #define HAVE_STDLIB_H 1
| #define HAVE_STRING_H 1
| #define HAVE_INTTYPES_H 1
| #define HAVE_STDINT_H 1
| #define HAVE_STRINGS_H 1
| #define HAVE_SYS_STAT_H 1
| #define HAVE_SYS_TYPES_H 1
| #define HAVE_UNISTD_H 1
| #define STDC_HEADERS 1
| #define HAVE_SYS_PARAM_H 1
| #define HAVE_DECL_BE32DEC 0
| /* end confdefs.h.  */
| #include <stddef.h>
| #ifdef HAVE_STDIO_H
| # include <stdio.h>
| #endif
| #ifdef HAVE_STDLIB_H
| # include <stdlib.h>
| #endif
| #ifdef HAVE_STRING_H
| # include <string.h>
| #endif
| #ifdef HAVE_INTTYPES_H
| # include <inttypes.h>
| #endif
| #ifdef HAVE_STDINT_H
| # include <stdint.h>
| #endif
| #ifdef HAVE_STRINGS_H
| # include <strings.h>
| #endif
| #ifdef HAVE_SYS_TYPES_H
| # include <sys/types.h>
| #endif
| #ifdef HAVE_SYS_STAT_H
| # include <sys/stat.h>
| #endif
| #ifdef HAVE_UNISTD_H
| # include <unistd.h>
| #endif
| #ifdef HAVE_SYS_ENDIAN_H
| #include <sys/endian.h>
| #endif
| 
| 
| int
| main (void)
| {
| #ifndef le32dec
| #ifdef __cplusplus
|   (void) le32dec;
| #else
|   (void) le32dec;
| #endif
| #endif
| 
|   ;
|   return 0;
| }
configure:6270: result: no
configure:6283: checking whether be32enc is declared
configure:6283: gcc -c -O3 -march=native -Wall   conftest.c >&5
conftest.c: In function 'main':
conftest.c:64:10: error: 'be32enc' undeclared (first use in this function)
   64 |   (void) be32enc;
      |          ^~~~~~~
conftest.c:64:10: note: each undeclared identifier is reported only once for each function it appears in
configure:6283: $? = 1
configure: failed program was:
| /* confdefs.h */
| #define PACKAGE_NAME "sugar_miner"
| #define PACKAGE_TARNAME "sugar_miner"
| #define PACKAGE_VERSION "24.1 SugarChain"
| #define PACKAGE_STRING "sugar_miner 24.1 SugarChain"
| #define PACKAGE_BUGREPORT ""
| #define PACKAGE_URL ""
| #define PACKAGE "sugar_miner"
| #define VERSION "24.1 SugarChain"
| #define HAVE_STDIO_H 1
| #define HAVE_STDLIB_H 1
| #define HAVE_STRING_H 1
| #define HAVE_INTTYPES_H 1
| #define HAVE_STDINT_H 1
| #define HAVE_STRINGS_H 1
| #define HAVE_SYS_STAT_H 1
| #define HAVE_SYS_TYPES_H 1
| #define HAVE_UNISTD_H 1
| #define STDC_HEADERS 1
| #define HAVE_SYS_PARAM_H 1
| #define HAVE_DECL_BE32DEC 0
| #define HAVE_DECL_LE32DEC 0
| /* end confdefs.h.  */
| #include <stddef.h>
| #ifdef HAVE_STDIO_H
| # include <stdio.h>
| #endif
| #ifdef HAVE_STDLIB_H
| # include <stdlib.h>
| #endif
| #ifdef HAVE_STRING_H
| # include <string.h>
| #endif
| #ifdef HAVE_INTTYPES_H
| # include <inttypes.h>
| #endif
| #ifdef HAVE_STDINT_H
| # include <stdint.h>
| #endif
| #ifdef HAVE_STRINGS_H
| # include <strings.h>
| #endif
| #ifdef HAVE_SYS_TYPES_H
| # include <sys/types.h>
| #endif
| #ifdef HAVE_SYS_STAT_H
| # include <sys/stat.h>
| #endif
| #ifdef HAVE_UNISTD_H
| # include <unistd.h>
| #endif
| #ifdef HAVE_SYS_ENDIAN_H
| #include <sys/endian.h>
| #endif
| 
| 
| int
| main (void)
| {
| #ifndef be32enc
| #ifdef __cplusplus
|   (void) be32enc;
| #else
|   (void) be32enc;
| #endif
| #endif
| 
|   ;
|   return 0;
| }
configure:6283: result: no
configure:6296: checking whether le32enc is declared
configure:6296: gcc -c -O3 -march=native -Wall   conftest.c >&5
conftest.c: In function 'main':
conftest.c:65:10: error: 'le32enc' undeclared (first use in this function)
   65 |   (void) le32enc;
      |          ^~~~~~~
conftest.c:65:10: note: each undeclared identifier is reported only once for each function it appears in
configure:6296: $? = 1
configure: failed program was:
| /* confdefs.h */
| #define PACKAGE_NAME "sugar_miner"
| #define PACKAGE_TARNAME "sugar_miner"
| #define PACKAGE_VERSION "24.1 SugarChain"
| #define PACKAGE_STRING "sugar_miner 24.1 SugarChain"
| #define PACKAGE_BUGREPORT ""
| #define PACKAGE_URL ""
| #define PACKAGE "sugar_miner"
| #define VERSION "24.1 SugarChain"
| #define HAVE_STDIO_H 1
| #define HAVE_STDLIB_H 1
| #define HAVE_STRING_H 1
| #define HAVE_INTTYPES_H 1
| #define HAVE_STDINT_H 1
| #define HAVE_STRINGS_H 1
| #define HAVE_SYS_STAT_H 1
| #define HAVE_SYS_TYPES_H 1
| #define HAVE_UNISTD_H 1
| #define STDC_HEADERS 1
| #define HAVE_SYS_PARAM_H 1
| #define HAVE_DECL_BE32DEC 0
| #define HAVE_DECL_LE32DEC 0
| #define HAVE_DECL_BE32ENC 0
| /* end confdefs.h.  */
| #include <stddef.h>
| #ifdef HAVE_STDIO_H
| # include <stdio.h>
| #endif
| #ifdef HAVE_STDLIB_H
| # include <stdlib.h>
| #endif
| #ifdef HAVE_STRING_H
| # include <string.h>
| #endif
| #ifdef HAVE_INTTYPES_H
| # include <inttypes.h>
| #endif
| #ifdef HAVE_STDINT_H
| # include <stdint.h>
| #endif
| #ifdef HAVE_STRINGS_H
| # include <strings.h>
| #endif
| #ifdef HAVE_SYS_TYPES_H
| # include <sys/types.h>
| #endif
| #ifdef HAVE_SYS_STAT_H
| # include <sys/stat.h>
| #endif
| #ifdef HAVE_UNISTD_H
| # include <unistd.h>
| #endif
| #ifdef HAVE_SYS_ENDIAN_H
| #include <sys/endian.h>
| #endif
| 
| 
| int
| main (void)
| {
| #ifndef le32enc
| #ifdef __cplusplus
|   (void) le32enc;
| #else
|   (void) le32enc;
| #endif
| #endif
| 
|   ;
|   return 0;
| }
configure:6296: result: no
configure:6309: checking whether le16dec is declared
configure:6309: gcc -c -O3 -march=native -Wall   conftest.c >&5
conftest.c: In function 'main':
conftest.c:66:10: error: 'le16dec' undeclared (first use in this function)
   66 |   (void) le16dec;
      |          ^~~~~~~
conftest.c:66:10: note: each undeclared identifier is reported only once for each function it appears in
configure:6309: $? = 1
configure: failed program was:
| /* confdefs.h */
| #define PACKAGE_NAME "sugar_miner"
| #define PACKAGE_TARNAME "sugar_miner"
| #define PACKAGE_VERSION "24.1 SugarChain"
| #define PACKAGE_STRING "sugar_miner 24.1 SugarChain"
| #define PACKAGE_BUGREPORT ""
| #define PACKAGE_URL ""
| #define PACKAGE "sugar_miner"
| #define VERSION "24.1 SugarChain"
| #define HAVE_STDIO_H 1
| #define HAVE_STDLIB_H 1
| #define HAVE_STRING_H 1
| #define HAVE_INTTYPES_H 1
| #define HAVE_STDINT_H 1
| #define HAVE_STRINGS_H 1
| #define HAVE_SYS_STAT_H 1
| #define HAVE_SYS_TYPES_H 1
| #define HAVE_UNISTD_H 1
| #define STDC_HEADERS 1
| #define HAVE_SYS_PARAM_H 1
| #define HAVE_DECL_BE32DEC 0
| #define HAVE_DECL_LE32DEC 0
| #define HAVE_DECL_BE32ENC 0
| #define HAVE_DECL_LE32ENC 0
| /* end confdefs.h.  */
| #include <stddef.h>
| #ifdef HAVE_STDIO_H
| # include <stdio.h>
| #endif
| #ifdef HAVE_STDLIB_H
| # include <stdlib.h>
| #endif
| #ifdef HAVE_STRING_H
| # include <string.h>
| #endif
| #ifdef HAVE_INTTYPES_H
| # include <inttypes.h>
| #endif
| #ifdef HAVE_STDINT_H
| # include <stdint.h>
| #endif
| #ifdef HAVE_STRINGS_H
| # include <strings.h>
| #endif
| #ifdef HAVE_SYS_TYPES_H
| # include <sys/types.h>
| #endif
| #ifdef HAVE_SYS_STAT_H
| # include <sys/stat.h>
| #endif
| #ifdef HAVE_UNISTD_H
| # include <unistd.h>
| #endif
| #ifdef HAVE_SYS_ENDIAN_H
| #include <sys/endian.h>
| #endif
| 
| 
| int
| main (void)
| {
| #ifndef le16dec
| #ifdef __cplusplus
|   (void) le16dec;
| #else
|   (void) le16dec;
| #endif
| #endif
| 
|   ;
|   return 0;
| }
configure:6309: result: no
configure:6322: checking whether le16enc is declared
configure:6322: gcc -c -O3 -march=native -Wall   conftest.c >&5
conftest.c: In function 'main':
conftest.c:67:10: error: 'le16enc' undeclared (first use in this function)
   67 |   (void) le16enc;
      |          ^~~~~~~
conftest.c:67:10: note: each undeclared identifier is reported only once for each function it appears in
configure:6322: $? = 1
configure: failed program was:
| /* confdefs.h */
| #define PACKAGE_NAME "sugar_miner"
| #define PACKAGE_TARNAME "sugar_miner"
| #define PACKAGE_VERSION "24.1 SugarChain"
| #define PACKAGE_STRING "sugar_miner 24.1 SugarChain"
| #define PACKAGE_BUGREPORT ""
| #define PACKAGE_URL ""
| #define PACKAGE "sugar_miner"
| #define VERSION "24.1 SugarChain"
| #define HAVE_STDIO_H 1
| #define HAVE_STDLIB_H 1
| #define HAVE_STRING_H 1
| #define HAVE_INTTYPES_H 1
| #define HAVE_STDINT_H 1
| #define HAVE_STRINGS_H 1
| #define HAVE_SYS_STAT_H 1
| #define HAVE_SYS_TYPES_H 1
| #define HAVE_UNISTD_H 1
| #define STDC_HEADERS 1
| #define HAVE_SYS_PARAM_H 1
| #define HAVE_DECL_BE32DEC 0
| #define HAVE_DECL_LE32DEC 0
| #define HAVE_DECL_BE32ENC 0
| #define HAVE_DECL_LE32ENC 0
| #define HAVE_DECL_LE16DEC 0
| /* end confdefs.h.  */
| #include <stddef.h>
| #ifdef HAVE_STDIO_H
| # include <stdio.h>
| #endif
| #ifdef HAVE_STDLIB_H
| # include <stdlib.h>
| #endif
| #ifdef HAVE_STRING_H
| # include <string.h>
| #endif
| #ifdef HAVE_INTTYPES_H
| # include <inttypes.h>
| #endif
| #ifdef HAVE_STDINT_H
| # include <stdint.h>
| #endif
| #ifdef HAVE_STRINGS_H
| # include <strings.h>
| #endif
| #ifdef HAVE_SYS_TYPES_H
| # include <sys/types.h>
| #endif
| #ifdef HAVE_SYS_STAT_H
| # include <sys/stat.h>
| #endif
| #ifdef HAVE_UNISTD_H
| # include <unistd.h>
| #endif
| #ifdef HAVE_SYS_ENDIAN_H
| #include <sys/endian.h>
| #endif
| 
| 
| int
| main (void)
| {
| #ifndef le16enc
| #ifdef __cplusplus
|   (void) le16enc;
| #else
|   (void) le16enc;
| #endif
| #endif
| 
|   ;
|   return 0;
| }
configure:6322: result: no
configure:6337: checking for size_t
configure:6337: gcc -c -O3 -march=native -Wall  conftest.c >&5
configure:6337: $? = 0
configure:6337: gcc -c -O3 -march=native -Wall  conftest.c >&5
conftest.c: In function 'main':
conftest.c:59:21: error: expected expression before ')' token
   59 | if (sizeof ((size_t)))
      |                     ^
configure:6337: $? = 1
configure: failed program was:
| /* confdefs.h */
| #define PACKAGE_NAME "sugar_miner"
| #define PACKAGE_TARNAME "sugar_miner"
| #define PACKAGE_VERSION "24.1 SugarChain"
| #define PACKAGE_STRING "sugar_miner 24.1 SugarChain"
| #define PACKAGE_BUGREPORT ""
| #define PACKAGE_URL ""
| #define PACKAGE "sugar_miner"
| #define VERSION "24.1 SugarChain"
| #define HAVE_STDIO_H 1
| #define HAVE_STDLIB_H 1
| #define HAVE_STRING_H 1
| #define HAVE_INTTYPES_H 1
| #define HAVE_STDINT_H 1
| #define HAVE_STRINGS_H 1
| #define HAVE_SYS_STAT_H 1
| #define HAVE_SYS_TYPES_H 1
| #define HAVE_UNISTD_H 1
| #define STDC_HEADERS 1
| #define HAVE_SYS_PARAM_H 1
| #define HAVE_DECL_BE32DEC 0
| #define HAVE_DECL_LE32DEC 0
| #define HAVE_DECL_BE32ENC 0
| #define HAVE_DECL_LE32ENC 0
| #define HAVE_DECL_LE16DEC 0
| #define HAVE_DECL_LE16ENC 0
| /* end confdefs.h.  */
| #include <stddef.h>
| #ifdef HAVE_STDIO_H
| # include <stdio.h>
| #endif
| #ifdef HAVE_STDLIB_H
| # include <stdlib.h>
| #endif
| #ifdef HAVE_STRING_H
| # include <string.h>
| #endif
| #ifdef HAVE_INTTYPES_H
| # include <inttypes.h>
| #endif
| #ifdef HAVE_STDINT_H
| # include <stdint.h>
| #endif
| #ifdef HAVE_STRINGS_H
| # include <strings.h>
| #endif
| #ifdef HAVE_SYS_TYPES_H
| # include <sys/types.h>
| #endif
| #ifdef HAVE_SYS_STAT_H
| # include <sys/stat.h>
| #endif
| #ifdef HAVE_UNISTD_H
| # include <unistd.h>
| #endif
| int
| main (void)
| {
| if (sizeof ((size_t)))
| 	    return 0;
|   ;
|   return 0;
| }
configure:6337: result: yes
configure:6349: checking for working alloca.h
configure:6367: gcc -o conftest.exe -O3 -march=native -Wall   conftest.c  >&5
conftest.c:28:10: fatal error: alloca.h: No such file or directory
   28 | #include <alloca.h>
      |          ^~~~~~~~~~
compilation terminated.
configure:6367: $? = 1
configure: failed program was:
| /* confdefs.h */
| #define PACKAGE_NAME "sugar_miner"
| #define PACKAGE_TARNAME "sugar_miner"
| #define PACKAGE_VERSION "24.1 SugarChain"
| #define PACKAGE_STRING "sugar_miner 24.1 SugarChain"
| #define PACKAGE_BUGREPORT ""
| #define PACKAGE_URL ""
| #define PACKAGE "sugar_miner"
| #define VERSION "24.1 SugarChain"
| #define HAVE_STDIO_H 1
| #define HAVE_STDLIB_H 1
| #define HAVE_STRING_H 1
| #define HAVE_INTTYPES_H 1
| #define HAVE_STDINT_H 1
| #define HAVE_STRINGS_H 1
| #define HAVE_SYS_STAT_H 1
| #define HAVE_SYS_TYPES_H 1
| #define HAVE_UNISTD_H 1
| #define STDC_HEADERS 1
| #define HAVE_SYS_PARAM_H 1
| #define HAVE_DECL_BE32DEC 0
| #define HAVE_DECL_LE32DEC 0
| #define HAVE_DECL_BE32ENC 0
| #define HAVE_DECL_LE32ENC 0
| #define HAVE_DECL_LE16DEC 0
| #define HAVE_DECL_LE16ENC 0
| /* end confdefs.h.  */
| #include <alloca.h>
| int
| main (void)
| {
| char *p = (char *) alloca (2 * sizeof (int));
| 			  if (p) return 0;
|   ;
|   return 0;
| }
configure:6376: result: no
configure:6384: checking for alloca
configure:6420: gcc -o conftest.exe -O3 -march=native -Wall   conftest.c  >&5
configure:6420: $? = 0
configure:6429: result: yes
configure:6496: checking for getopt_long
configure:6496: gcc -o conftest.exe -O3 -march=native -Wall   conftest.c  >&5
configure:6496: $? = 0
configure:6496: result: yes
configure:6546: checking whether we can compile AVX code
configure:6559: gcc -c -Icompat/pthreads -O3 -march=native -Wall  conftest.c >&5
configure:6559: $? = 0
configure:6564: result: yes
configure:6566: checking whether we can compile XOP code
configure:6579: gcc -c -Icompat/pthreads -O3 -march=native -Wall  conftest.c >&5
configure:6579: $? = 0
configure:6584: result: yes
configure:6595: checking whether we can compile AVX2 code
configure:6608: gcc -c -Icompat/pthreads -O3 -march=native -Wall  conftest.c >&5
configure:6608: $? = 0
configure:6613: result: yes
configure:6615: checking whether we can compile AVX512 code
configure:6628: gcc -c -Icompat/pthreads -O3 -march=native -Wall  conftest.c >&5
configure:6628: $? = 0
configure:6633: result: yes
configure:6664: checking for json_loads in -ljansson
configure:6693: gcc -o conftest.exe -Icompat/pthreads -O3 -march=native -Wall   conftest.c -ljansson   >&5
C:/msys64/mingw64/bin/../lib/gcc/x86_64-w64-mingw32/13.2.0/../../../../x86_64-w64-mingw32/bin/ld.exe: cannot find -ljansson: No such file or directory
collect2.exe: error: ld returned 1 exit status
configure:6693: $? = 1
configure: failed program was:
| /* confdefs.h */
| #define PACKAGE_NAME "sugar_miner"
| #define PACKAGE_TARNAME "sugar_miner"
| #define PACKAGE_VERSION "24.1 SugarChain"
| #define PACKAGE_STRING "sugar_miner 24.1 SugarChain"
| #define PACKAGE_BUGREPORT ""
| #define PACKAGE_URL ""
| #define PACKAGE "sugar_miner"
| #define VERSION "24.1 SugarChain"
| #define HAVE_STDIO_H 1
| #define HAVE_STDLIB_H 1
| #define HAVE_STRING_H 1
| #define HAVE_INTTYPES_H 1
| #define HAVE_STDINT_H 1
| #define HAVE_STRINGS_H 1
| #define HAVE_SYS_STAT_H 1
| #define HAVE_SYS_TYPES_H 1
| #define HAVE_UNISTD_H 1
| #define STDC_HEADERS 1
| #define HAVE_SYS_PARAM_H 1
| #define HAVE_DECL_BE32DEC 0
| #define HAVE_DECL_LE32DEC 0
| #define HAVE_DECL_BE32ENC 0
| #define HAVE_DECL_LE32ENC 0
| #define HAVE_DECL_LE16DEC 0
| #define HAVE_DECL_LE16ENC 0
| #define HAVE_ALLOCA 1
| #define HAVE_GETOPT_LONG 1
| #define USE_ASM 1
| #define USE_AVX 1
| #define USE_XOP 1
| #define USE_AVX2 1
| #define USE_AVX512 1
| /* end confdefs.h.  */
| 
| /* Override any GCC internal prototype to avoid an error.
|    Use char because int might match the return type of a GCC
|    builtin and then its argument prototype would still apply.
|    The 'extern "C"' is for builds by C++ compilers;
|    although this is not generally supported in C code supporting it here
|    has little cost and some practical benefit (sr 110532).  */
| #ifdef __cplusplus
| extern "C"
| #endif
| char json_loads (void);
| int
| main (void)
| {
| return json_loads ();
|   ;
|   return 0;
| }
configure:6703: result: no
configure:6716: checking for pthread_create in -lpthread
configure:6745: gcc -o conftest.exe -Icompat/pthreads -O3 -march=native -Wall   conftest.c -lpthread   >&5
configure:6745: $? = 0
configure:6755: result: yes
configure:6814: checking whether __uint128_t is supported
configure:6827: gcc -c -Icompat/pthreads -O3 -march=native -Wall  conftest.c >&5
conftest.c:35:20: warning: 'i' defined but not used [-Wunused-variable]
   35 | static __uint128_t i = 100;
      |                    ^
configure:6827: $? = 0
configure:6832: result: yes
configure:7066: checking that generated files are newer than configure
configure:7072: result: done
configure:7135: creating ./config.status

## ---------------------- ##
## Running config.status. ##
## ---------------------- ##

This file was extended by sugar_miner config.status 24.1 SugarChain, which was
generated by GNU Autoconf 2.71.  Invocation command line was

  CONFIG_FILES    = 
  CONFIG_HEADERS  = 
  CONFIG_LINKS    = 
  CONFIG_COMMANDS = 
  $ ./config.status 

on DESKTOP-T5QTO27

config.status:915: creating Makefile
config.status:915: creating compat/Makefile
config.status:915: creating compat/jansson/Makefile
config.status:915: creating cpuminer-config.h
config.status:1096: cpuminer-config.h is unchanged
config.status:1144: executing depfiles commands
config.status:1221: cd .       && sed -e '/# am--include-marker/d' Makefile         | make -f - am--depfiles
make: Nothing to be done for 'am--depfiles'.
config.status:1226: $? = 0
config.status:1221: cd compat/jansson       && sed -e '/# am--include-marker/d' Makefile         | make -f - am--depfiles
make: Nothing to be done for 'am--depfiles'.
config.status:1226: $? = 0

## ---------------- ##
## Cache variables. ##
## ---------------- ##

ac_cv_build=x86_64-w64-mingw32
ac_cv_c_compiler_gnu=yes
ac_cv_c_undeclared_builtin_options='none needed'
ac_cv_cxx_compiler_gnu=yes
ac_cv_env_CCASFLAGS_set=
ac_cv_env_CCASFLAGS_value=
ac_cv_env_CCAS_set=
ac_cv_env_CCAS_value=
ac_cv_env_CCC_set=
ac_cv_env_CCC_value=
ac_cv_env_CC_set=
ac_cv_env_CC_value=
ac_cv_env_CFLAGS_set=set
ac_cv_env_CFLAGS_value='-O3 -march=native -Wall'
ac_cv_env_CPPFLAGS_set=
ac_cv_env_CPPFLAGS_value=
ac_cv_env_CPP_set=
ac_cv_env_CPP_value=
ac_cv_env_CXXFLAGS_set=
ac_cv_env_CXXFLAGS_value=
ac_cv_env_CXX_set=
ac_cv_env_CXX_value=
ac_cv_env_LDFLAGS_set=
ac_cv_env_LDFLAGS_value=
ac_cv_env_LIBS_set=
ac_cv_env_LIBS_value=
ac_cv_env_build_alias_set=
ac_cv_env_build_alias_value=
ac_cv_env_host_alias_set=
ac_cv_env_host_alias_value=
ac_cv_env_target_alias_set=
ac_cv_env_target_alias_value=
ac_cv_exeext=.exe
ac_cv_func_alloca_works=yes
ac_cv_func_getopt_long=yes
ac_cv_have_decl_be32dec=no
ac_cv_have_decl_be32enc=no
ac_cv_have_decl_le16dec=no
ac_cv_have_decl_le16enc=no
ac_cv_have_decl_le32dec=no
ac_cv_have_decl_le32enc=no
ac_cv_header_inttypes_h=yes
ac_cv_header_stdint_h=yes
ac_cv_header_stdio_h=yes
ac_cv_header_stdlib_h=yes
ac_cv_header_string_h=yes
ac_cv_header_strings_h=yes
ac_cv_header_sys_endian_h=no
ac_cv_header_sys_param_h=yes
ac_cv_header_sys_stat_h=yes
ac_cv_header_sys_sysctl_h=no
ac_cv_header_sys_types_h=yes
ac_cv_header_syslog_h=no
ac_cv_header_unistd_h=yes
ac_cv_host=x86_64-w64-mingw32
ac_cv_lib_jansson_json_loads=no
ac_cv_lib_pthread_pthread_create=yes
ac_cv_objext=o
ac_cv_path_EGREP='/usr/bin/grep -E'
ac_cv_path_GREP=/usr/bin/grep
ac_cv_path_install='/usr/bin/install -c'
ac_cv_path_mkdir=/usr/bin/mkdir
ac_cv_prog_AWK=gawk
ac_cv_prog_CPP='gcc -E'
ac_cv_prog_ac_ct_CC=gcc
ac_cv_prog_ac_ct_CXX=g++
ac_cv_prog_ac_ct_RANLIB=ranlib
ac_cv_prog_cc_c11=
ac_cv_prog_cc_g=yes
ac_cv_prog_cc_stdc=
ac_cv_prog_cxx_11=no
ac_cv_prog_cxx_cxx11=
ac_cv_prog_cxx_g=yes
ac_cv_prog_cxx_stdcxx=
ac_cv_prog_gcc_traditional=no
ac_cv_prog_make_make_set=yes
ac_cv_target=x86_64-w64-mingw32
ac_cv_type_size_t=yes
ac_cv_working_alloca_h=no
am_cv_CCAS_dependencies_compiler_type=gcc3
am_cv_CC_dependencies_compiler_type=gcc3
am_cv_CXX_dependencies_compiler_type=gcc3
am_cv_make_support_nested_variables=yes
am_cv_prog_cc_c_o=yes

## ----------------- ##
## Output variables. ##
## ----------------- ##

ACLOCAL='${SHELL} '\''/c/Users/Dorothy/Desktop/cpuminer/missing'\'' aclocal-1.16'
ALLOCA=''
AMDEPBACKSLASH='\'
AMDEP_FALSE='#'
AMDEP_TRUE=''
AMTAR='$${TAR-tar}'
AM_BACKSLASH='\'
AM_DEFAULT_V='$(AM_DEFAULT_VERBOSITY)'
AM_DEFAULT_VERBOSITY='1'
AM_V='$(V)'
ARCH_ARM_FALSE=''
ARCH_ARM_TRUE='#'
ARCH_x86_64_FALSE='#'
ARCH_x86_64_TRUE=''
ARCH_x86_FALSE=''
ARCH_x86_TRUE='#'
AUTOCONF='${SHELL} '\''/c/Users/Dorothy/Desktop/cpuminer/missing'\'' autoconf'
AUTOHEADER='${SHELL} '\''/c/Users/Dorothy/Desktop/cpuminer/missing'\'' autoheader'
AUTOMAKE='${SHELL} '\''/c/Users/Dorothy/Desktop/cpuminer/missing'\'' automake-1.16'
AWK='gawk'
CC='gcc'
CCAS='gcc'
CCASDEPMODE='depmode=gcc3'
CCASFLAGS='-O3 -march=native -Wall'
CCDEPMODE='depmode=gcc3'
CFLAGS='-Icompat/pthreads -O3 -march=native -Wall  -Iyes/include'
CPP='gcc -E'
CPPFLAGS='  -Iyes/include'
CSCOPE='cscope'
CTAGS='ctags'
CXX='g++'
CXXDEPMODE='depmode=gcc3'
CXXFLAGS='-g -O2'
CYGPATH_W='cygpath -w'
DEFS='-DHAVE_CONFIG_H'
DEPDIR='.deps'
ECHO_C=''
ECHO_N='-n'
ECHO_T=''
EGREP='/usr/bin/grep -E'
ETAGS='etags'
EXEEXT='.exe'
GREP='/usr/bin/grep'
HAVE_WINDOWS_FALSE='#'
HAVE_WINDOWS_TRUE=''
INSTALL_DATA='${INSTALL} -m 644'
INSTALL_PROGRAM='${INSTALL}'
INSTALL_SCRIPT='${INSTALL}'
INSTALL_STRIP_PROGRAM='$(install_sh) -c -s'
JANSSON_LIBS='compat/jansson/libjansson.a'
LDFLAGS='-Lcompat/pthreads/x64  -Lyes/lib '
LIBCURL='-lcurl -lz'
LIBCURL_CFLAGS=' -Iyes/include'
LIBCURL_CPPFLAGS=' -Iyes/include'
LIBOBJS=''
LIBS=''
LTLIBOBJS=''
MAINT='#'
MAINTAINER_MODE_FALSE=''
MAINTAINER_MODE_TRUE='#'
MAKEINFO='${SHELL} '\''/c/Users/Dorothy/Desktop/cpuminer/missing'\'' makeinfo'
MINGW_FALSE='#'
MINGW_TRUE=''
MKDIR_P='/usr/bin/mkdir -p'
OBJEXT='o'
PACKAGE='sugar_miner'
PACKAGE_BUGREPORT=''
PACKAGE_NAME='sugar_miner'
PACKAGE_STRING='sugar_miner 24.1 SugarChain'
PACKAGE_TARNAME='sugar_miner'
PACKAGE_URL=''
PACKAGE_VERSION='24.1 SugarChain'
PATH_SEPARATOR=':'
PTHREAD_FLAGS=''
PTHREAD_LIBS='-lpthreadGC2'
RANLIB='ranlib'
SET_MAKE=''
SHELL='/bin/sh'
STRIP=''
USE_ASM_FALSE='#'
USE_ASM_TRUE=''
VERSION='24.1 SugarChain'
WANT_JANSSON_FALSE='#'
WANT_JANSSON_TRUE=''
WS2_LIBS='-L/mingw/x86_64-w64-mingw32/lib -lws2_32'
ac_ct_CC='gcc'
ac_ct_CXX='g++'
am__EXEEXT_FALSE='#'
am__EXEEXT_TRUE=''
am__fastdepCCAS_FALSE='#'
am__fastdepCCAS_TRUE=''
am__fastdepCC_FALSE='#'
am__fastdepCC_TRUE=''
am__fastdepCXX_FALSE='#'
am__fastdepCXX_TRUE=''
am__include='include'
am__isrc=''
am__leading_dot='.'
am__nodep='_no'
am__quote=''
am__tar='$${TAR-tar} chof - "$$tardir"'
am__untar='$${TAR-tar} xf -'
bindir='${exec_prefix}/bin'
build='x86_64-w64-mingw32'
build_alias='x86_64-w64-mingw32'
build_cpu='x86_64'
build_os='mingw32'
build_vendor='w64'
datadir='${datarootdir}'
datarootdir='${prefix}/share'
docdir='${datarootdir}/doc/${PACKAGE_TARNAME}'
dvidir='${docdir}'
exec_prefix='${prefix}'
host='x86_64-w64-mingw32'
host_alias=''
host_cpu='x86_64'
host_os='mingw32'
host_vendor='w64'
htmldir='${docdir}'
includedir='${prefix}/include'
infodir='${datarootdir}/info'
install_sh='${SHELL} /c/Users/Dorothy/Desktop/cpuminer/install-sh'
libdir='${exec_prefix}/lib'
libexecdir='${exec_prefix}/libexec'
localedir='${datarootdir}/locale'
localstatedir='${prefix}/var'
mandir='${datarootdir}/man'
mkdir_p='$(MKDIR_P)'
oldincludedir='/usr/include'
pdfdir='${docdir}'
prefix='/mingw64'
program_transform_name='s,x,x,'
psdir='${docdir}'
runstatedir='${localstatedir}/run'
sbindir='${exec_prefix}/sbin'
sharedstatedir='${prefix}/com'
sysconfdir='${prefix}/etc'
target='x86_64-w64-mingw32'
target_alias=''
target_cpu='x86_64'
target_os='mingw32'
target_vendor='w64'

## ----------- ##
## confdefs.h. ##
## ----------- ##

/* confdefs.h */
#define PACKAGE_NAME "sugar_miner"
#define PACKAGE_TARNAME "sugar_miner"
#define PACKAGE_VERSION "24.1 SugarChain"
#define PACKAGE_STRING "sugar_miner 24.1 SugarChain"
#define PACKAGE_BUGREPORT ""
#define PACKAGE_URL ""
#define PACKAGE "sugar_miner"
#define VERSION "24.1 SugarChain"
#define HAVE_STDIO_H 1
#define HAVE_STDLIB_H 1
#define HAVE_STRING_H 1
#define HAVE_INTTYPES_H 1
#define HAVE_STDINT_H 1
#define HAVE_STRINGS_H 1
#define HAVE_SYS_STAT_H 1
#define HAVE_SYS_TYPES_H 1
#define HAVE_UNISTD_H 1
#define STDC_HEADERS 1
#define HAVE_SYS_PARAM_H 1
#define HAVE_DECL_BE32DEC 0
#define HAVE_DECL_LE32DEC 0
#define HAVE_DECL_BE32ENC 0
#define HAVE_DECL_LE32ENC 0
#define HAVE_DECL_LE16DEC 0
#define HAVE_DECL_LE16ENC 0
#define HAVE_ALLOCA 1
#define HAVE_GETOPT_LONG 1
#define USE_ASM 1
#define USE_AVX 1
#define USE_XOP 1
#define USE_AVX2 1
#define USE_AVX512 1
#define USE_INT128 1

configure: exit 0
